# JRE version: OpenJDK Runtime Environment (11.0.13) (build 11.0.13+0-b1751.21-8125866)
# Java VM: OpenJDK 64-Bit Server VM (11.0.13+0-b1751.21-8125866, mixed mode, tiered, compressed oops, g1 gc, windows-amd64)
Heap:
 garbage-first heap   total 258048K, used 156282K [0x0000000080000000, 0x0000000100000000)
  region size 1024K, 51 young (52224K), 2 survivors (2048K)
 Metaspace       used 100002K, capacity 102630K, committed 103120K, reserved 1138688K
  class space    used 12070K, capacity 13046K, committed 13312K, reserved 1048576K
GC Heap History (20 events):
Event: 10.885 GC heap before
{Heap before GC invocations=14 (full 0):
 garbage-first heap   total 258048K, used 184201K [0x0000000080000000, 0x0000000100000000)
  region size 1024K, 111 young (113664K), 10 survivors (10240K)
 Metaspace       used 86217K, capacity 88799K, committed 89040K, reserved 1126400K
  class space    used 11062K, capacity 11999K, committed 12032K, reserved 1048576K
}
Event: 10.895 GC heap after
{Heap after GC invocations=15 (full 0):
 garbage-first heap   total 258048K, used 89088K [0x0000000080000000, 0x0000000100000000)
  region size 1024K, 9 young (9216K), 9 survivors (9216K)
 Metaspace       used 86217K, capacity 88799K, committed 89040K, reserved 1126400K
  class space    used 11062K, capacity 11999K, committed 12032K, reserved 1048576K
}
Event: 1028.506 GC heap before
{Heap before GC invocations=15 (full 0):
 garbage-first heap   total 258048K, used 190464K [0x0000000080000000, 0x0000000100000000)
  region size 1024K, 109 young (111616K), 9 survivors (9216K)
 Metaspace       used 90777K, capacity 93461K, committed 93520K, reserved 1130496K
  class space    used 11404K, capacity 12377K, committed 12416K, reserved 1048576K
}
Event: 1028.599 GC heap after
{Heap after GC invocations=16 (full 0):
 garbage-first heap   total 258048K, used 94223K [0x0000000080000000, 0x0000000100000000)
  region size 1024K, 7 young (7168K), 7 survivors (7168K)
 Metaspace       used 90777K, capacity 93461K, committed 93520K, reserved 1130496K
  class space    used 11404K, capacity 12377K, committed 12416K, reserved 1048576K
}
Event: 2315.276 GC heap before
{Heap before GC invocations=16 (full 0):
 garbage-first heap   total 258048K, used 194575K [0x0000000080000000, 0x0000000100000000)
  region size 1024K, 106 young (108544K), 7 survivors (7168K)
 Metaspace       used 91754K, capacity 94472K, committed 94672K, reserved 1132544K
  class space    used 11434K, capacity 12425K, committed 12544K, reserved 1048576K
}
Event: 2315.305 GC heap after
{Heap after GC invocations=17 (full 0):
 garbage-first heap   total 258048K, used 94104K [0x0000000080000000, 0x0000000100000000)
  region size 1024K, 7 young (7168K), 7 survivors (7168K)
 Metaspace       used 91754K, capacity 94472K, committed 94672K, reserved 1132544K
  class space    used 11434K, capacity 12425K, committed 12544K, reserved 1048576K
}
Event: 2316.816 GC heap before
{Heap before GC invocations=17 (full 0):
 garbage-first heap   total 258048K, used 208792K [0x0000000080000000, 0x0000000100000000)
  region size 1024K, 110 young (112640K), 7 survivors (7168K)
 Metaspace       used 93913K, capacity 96747K, committed 96976K, reserved 1134592K
  class space    used 11648K, capacity 12674K, committed 12800K, reserved 1048576K
}
Event: 2316.870 GC heap after
{Heap after GC invocations=18 (full 0):
 garbage-first heap   total 258048K, used 121789K [0x0000000080000000, 0x0000000100000000)
  region size 1024K, 14 young (14336K), 14 survivors (14336K)
 Metaspace       used 93913K, capacity 96747K, committed 96976K, reserved 1134592K
  class space    used 11648K, capacity 12674K, committed 12800K, reserved 1048576K
}
Event: 2317.089 GC heap before
{Heap before GC invocations=18 (full 0):
 garbage-first heap   total 258048K, used 148413K [0x0000000080000000, 0x0000000100000000)
  region size 1024K, 34 young (34816K), 14 survivors (14336K)
 Metaspace       used 93980K, capacity 96763K, committed 96976K, reserved 1134592K
  class space    used 11652K, capacity 12677K, committed 12800K, reserved 1048576K
}
Event: 2317.133 GC heap after
{Heap after GC invocations=19 (full 0):
 garbage-first heap   total 258048K, used 132002K [0x0000000080000000, 0x0000000100000000)
  region size 1024K, 7 young (7168K), 7 survivors (7168K)
 Metaspace       used 93980K, capacity 96763K, committed 96976K, reserved 1134592K
  class space    used 11652K, capacity 12677K, committed 12800K, reserved 1048576K
}
Event: 2317.867 GC heap before
{Heap before GC invocations=20 (full 0):
 garbage-first heap   total 258048K, used 192418K [0x0000000080000000, 0x0000000100000000)
  region size 1024K, 57 young (58368K), 7 survivors (7168K)
 Metaspace       used 96560K, capacity 99170K, committed 100048K, reserved 1136640K
  class space    used 11809K, capacity 12744K, committed 13056K, reserved 1048576K
}
Event: 2317.876 GC heap after
{Heap after GC invocations=21 (full 0):
 garbage-first heap   total 258048K, used 128382K [0x0000000080000000, 0x0000000100000000)
  region size 1024K, 6 young (6144K), 6 survivors (6144K)
 Metaspace       used 96560K, capacity 99170K, committed 100048K, reserved 1136640K
  class space    used 11809K, capacity 12744K, committed 13056K, reserved 1048576K
}
Event: 2317.936 GC heap before
{Heap before GC invocations=21 (full 0):
 garbage-first heap   total 258048K, used 134526K [0x0000000080000000, 0x0000000100000000)
  region size 1024K, 12 young (12288K), 6 survivors (6144K)
 Metaspace       used 96600K, capacity 99234K, committed 100048K, reserved 1136640K
  class space    used 11811K, capacity 12744K, committed 13056K, reserved 1048576K
}
Event: 2317.951 GC heap after
{Heap after GC invocations=22 (full 0):
 garbage-first heap   total 258048K, used 121066K [0x0000000080000000, 0x0000000100000000)
  region size 1024K, 2 young (2048K), 2 survivors (2048K)
 Metaspace       used 96600K, capacity 99234K, committed 100048K, reserved 1136640K
  class space    used 11811K, capacity 12744K, committed 13056K, reserved 1048576K
}
Event: 2608.431 GC heap before
{Heap before GC invocations=22 (full 0):
 garbage-first heap   total 258048K, used 178410K [0x0000000080000000, 0x0000000100000000)
  region size 1024K, 59 young (60416K), 2 survivors (2048K)
 Metaspace       used 99400K, capacity 102034K, committed 102864K, reserved 1138688K
  class space    used 12028K, capacity 12972K, committed 13312K, reserved 1048576K
}
Event: 2608.444 GC heap after
{Heap after GC invocations=23 (full 0):
 garbage-first heap   total 258048K, used 123900K [0x0000000080000000, 0x0000000100000000)
  region size 1024K, 5 young (5120K), 5 survivors (5120K)
 Metaspace       used 99400K, capacity 102034K, committed 102864K, reserved 1138688K
  class space    used 12028K, capacity 12972K, committed 13312K, reserved 1048576K
}
Event: 2609.274 GC heap before
{Heap before GC invocations=24 (full 0):
 garbage-first heap   total 258048K, used 169980K [0x0000000080000000, 0x0000000100000000)
  region size 1024K, 65 young (66560K), 5 survivors (5120K)
 Metaspace       used 99823K, capacity 102540K, committed 103120K, reserved 1138688K
  class space    used 12067K, capacity 13041K, committed 13312K, reserved 1048576K
}
Event: 2609.290 GC heap after
{Heap after GC invocations=25 (full 0):
 garbage-first heap   total 258048K, used 116259K [0x0000000080000000, 0x0000000100000000)
  region size 1024K, 9 young (9216K), 9 survivors (9216K)
 Metaspace       used 99823K, capacity 102540K, committed 103120K, reserved 1138688K
  class space    used 12067K, capacity 13041K, committed 13312K, reserved 1048576K
}
Event: 2609.302 GC heap before
{Heap before GC invocations=25 (full 0):
 garbage-first heap   total 258048K, used 118307K [0x0000000080000000, 0x0000000100000000)
  region size 1024K, 12 young (12288K), 9 survivors (9216K)
 Metaspace       used 99826K, capacity 102541K, committed 103120K, reserved 1138688K
  class space    used 12067K, capacity 13041K, committed 13312K, reserved 1048576K
}
Event: 2609.321 GC heap after
{Heap after GC invocations=26 (full 0):
 garbage-first heap   total 258048K, used 108154K [0x0000000080000000, 0x0000000100000000)
  region size 1024K, 2 young (2048K), 2 survivors (2048K)
 Metaspace       used 99826K, capacity 102541K, committed 103120K, reserved 1138688K
  class space    used 12067K, capacity 13041K, committed 13312K, reserved 1048576K
}

